0 info it worked if it ends with ok
1 verbose cli [ 'node', '/bin/npm', 'install', 'streamws@0.1.0' ]
2 info using npm@2.10.0
3 info using node@v0.10.38
4 verbose node symlink /bin/node
5 verbose install initial load of /root/node_workspace/umusic/package.json
6 verbose installManyTop reading scoped package data from /root/node_workspace/umusic/node_modules/body-parser/package.json
7 verbose installManyTop reading scoped package data from /root/node_workspace/umusic/node_modules/cookie-parser/package.json
8 verbose installManyTop reading scoped package data from /root/node_workspace/umusic/node_modules/debug/package.json
9 verbose installManyTop reading scoped package data from /root/node_workspace/umusic/node_modules/exec-sync/package.json
10 verbose installManyTop reading scoped package data from /root/node_workspace/umusic/node_modules/express/package.json
11 verbose installManyTop reading scoped package data from /root/node_workspace/umusic/node_modules/fluent-ffmpeg/package.json
12 verbose installManyTop reading scoped package data from /root/node_workspace/umusic/node_modules/jade/package.json
13 verbose installManyTop reading scoped package data from /root/node_workspace/umusic/node_modules/morgan/package.json
14 verbose installManyTop reading scoped package data from /root/node_workspace/umusic/node_modules/serve-favicon/package.json
15 verbose installManyTop reading scoped package data from /root/node_workspace/umusic/node_modules/youtube-audio-stream/package.json
16 verbose installManyTop reading scoped package data from /root/node_workspace/umusic/node_modules/youtube-dl/package.json
17 info package.json exec-sync@0.1.6 No license field.
18 info package.json fluent-ffmpeg@2.0.1 No license field.
19 info package.json youtube-audio-stream@0.0.5 No license field.
20 info package.json youtube-dl@1.10.5 No license field.
21 verbose readDependencies loading dependencies from /root/node_workspace/umusic/package.json
22 silly cache add args [ 'streamws@0.1.0', null ]
23 verbose cache add spec streamws@0.1.0
24 silly cache add parsed spec { raw: 'streamws@0.1.0',
24 silly cache add   scope: null,
24 silly cache add   name: 'streamws',
24 silly cache add   rawSpec: '0.1.0',
24 silly cache add   spec: '0.1.0',
24 silly cache add   type: 'version' }
25 silly addNamed streamws@0.1.0
26 verbose addNamed "0.1.0" is a plain semver version for streamws
27 silly mapToRegistry name streamws
28 silly mapToRegistry using default registry
29 silly mapToRegistry registry https://registry.npmjs.org/
30 silly mapToRegistry uri https://registry.npmjs.org/streamws
31 verbose addNameVersion registry:https://registry.npmjs.org/streamws not in flight; fetching
32 verbose request uri https://registry.npmjs.org/streamws
33 verbose request no auth needed
34 info attempt registry request try #1 at 13:36:57
35 verbose request id 2cb206de97d0664f
36 verbose etag "S66KBIUA3VCDG2N2CX4TC7ZA"
37 http request GET https://registry.npmjs.org/streamws
38 http 304 https://registry.npmjs.org/streamws
39 silly get cb [ 304,
39 silly get   { date: 'Thu, 24 Sep 2015 17:36:57 GMT',
39 silly get     via: '1.1 varnish',
39 silly get     'cache-control': 'max-age=60',
39 silly get     etag: '"S66KBIUA3VCDG2N2CX4TC7ZA"',
39 silly get     age: '37',
39 silly get     connection: 'keep-alive',
39 silly get     'x-served-by': 'cache-lax1431-LAX',
39 silly get     'x-cache': 'HIT',
39 silly get     'x-cache-hits': '2',
39 silly get     'x-timer': 'S1443116217.664046,VS0,VE0',
39 silly get     vary: 'Accept' } ]
40 verbose etag https://registry.npmjs.org/streamws from cache
41 verbose get saving streamws to /root/.npm/registry.npmjs.org/streamws/.cache.json
42 silly mapToRegistry name streamws
43 silly mapToRegistry using default registry
44 silly mapToRegistry registry https://registry.npmjs.org/
45 silly mapToRegistry uri https://registry.npmjs.org/streamws
46 verbose addRemoteTarball https://registry.npmjs.org/streamws/-/streamws-0.1.0.tgz not in flight; adding
47 verbose addRemoteTarball [ 'https://registry.npmjs.org/streamws/-/streamws-0.1.0.tgz',
47 verbose addRemoteTarball   '30e97345fd72fec572332f61ba72ae49242cc385' ]
48 info retry fetch attempt 1 at 13:36:57
49 info attempt registry request try #1 at 13:36:57
50 http fetch GET https://registry.npmjs.org/streamws/-/streamws-0.1.0.tgz
51 http fetch 200 https://registry.npmjs.org/streamws/-/streamws-0.1.0.tgz
52 silly fetchAndShaCheck shasum 30e97345fd72fec572332f61ba72ae49242cc385
53 verbose addTmpTarball /tmp/npm-31327-700b7d02/registry.npmjs.org/streamws/-/streamws-0.1.0.tgz not in flight; adding
54 verbose addTmpTarball already have metadata; skipping unpack for streamws@0.1.0
55 silly cache afterAdd streamws@0.1.0
56 verbose afterAdd /root/.npm/streamws/0.1.0/package/package.json not in flight; writing
57 verbose afterAdd /root/.npm/streamws/0.1.0/package/package.json written
58 silly install resolved [ { author: { name: 'Eric Zhang' },
58 silly install resolved     name: 'streamws',
58 silly install resolved     description: 'Lightly modified version of einaros/ws. TCP writes now return true/false to top',
58 silly install resolved     version: '0.1.0',
58 silly install resolved     repository: { type: 'git', url: 'git://github.com/binaryjs/streamws.git' },
58 silly install resolved     scripts: { test: 'make test', install: 'node install.js' },
58 silly install resolved     engines: { node: '>=0.6.0' },
58 silly install resolved     dependencies: { commander: '~0.6.1', tinycolor: '0.x', options: 'latest' },
58 silly install resolved     devDependencies:
58 silly install resolved      { mocha: '~1.2.1',
58 silly install resolved        should: '0.6.x',
58 silly install resolved        'expect.js': '0.1.x',
58 silly install resolved        benchmark: '0.3.x',
58 silly install resolved        ansi: 'latest' },
58 silly install resolved     readme: 'Fork of `ws` for better streaming',
58 silly install resolved     _id: 'streamws@0.1.0',
58 silly install resolved     dist:
58 silly install resolved      { shasum: '30e97345fd72fec572332f61ba72ae49242cc385',
58 silly install resolved        tarball: 'http://registry.npmjs.org/streamws/-/streamws-0.1.0.tgz' },
58 silly install resolved     maintainers: [ [Object] ],
58 silly install resolved     directories: {},
58 silly install resolved     _shasum: '30e97345fd72fec572332f61ba72ae49242cc385',
58 silly install resolved     _resolved: 'https://registry.npmjs.org/streamws/-/streamws-0.1.0.tgz',
58 silly install resolved     _from: 'streamws@0.1.0' } ]
59 info install streamws@0.1.0 into /root/node_workspace/umusic
60 info installOne streamws@0.1.0
61 verbose installOne of streamws to /root/node_workspace/umusic not in flight; installing
62 verbose lock using /root/.npm/_locks/streamws-458c17137d91e7f1.lock for /root/node_workspace/umusic/node_modules/streamws
63 silly install write writing streamws 0.1.0 to /root/node_workspace/umusic/node_modules/streamws
64 verbose unbuild node_modules/streamws
65 silly gentlyRm /root/node_workspace/umusic/node_modules/streamws is being purged from base /root/node_workspace/umusic
66 verbose gentlyRm don't care about contents; nuking /root/node_workspace/umusic/node_modules/streamws
67 verbose tar unpack /root/.npm/streamws/0.1.0/package.tgz
68 verbose tar unpacking to /root/node_workspace/umusic/node_modules/streamws
69 silly gentlyRm /root/node_workspace/umusic/node_modules/streamws is being purged
70 verbose gentlyRm don't care about contents; nuking /root/node_workspace/umusic/node_modules/streamws
71 silly gunzTarPerm modes [ '755', '644' ]
72 silly gunzTarPerm extractEntry package.json
73 silly gunzTarPerm modified mode [ 'package.json', 438, 420 ]
74 silly gunzTarPerm extractEntry .npmignore
75 silly gunzTarPerm modified mode [ '.npmignore', 438, 420 ]
76 silly gunzTarPerm extractEntry README.md
77 silly gunzTarPerm modified mode [ 'README.md', 438, 420 ]
78 silly gunzTarPerm extractEntry install.js
79 silly gunzTarPerm modified mode [ 'install.js', 438, 420 ]
80 silly gunzTarPerm extractEntry index.js
81 silly gunzTarPerm modified mode [ 'index.js', 438, 420 ]
82 silly gunzTarPerm extractEntry lib/BufferPool.js
83 silly gunzTarPerm modified mode [ 'lib/BufferPool.js', 438, 420 ]
84 silly gunzTarPerm extractEntry lib/BufferUtil.js
85 silly gunzTarPerm modified mode [ 'lib/BufferUtil.js', 438, 420 ]
86 silly gunzTarPerm extractEntry lib/ErrorCodes.js
87 silly gunzTarPerm modified mode [ 'lib/ErrorCodes.js', 438, 420 ]
88 silly gunzTarPerm extractEntry lib/Receiver.hixie.js
89 silly gunzTarPerm modified mode [ 'lib/Receiver.hixie.js', 438, 420 ]
90 silly gunzTarPerm extractEntry lib/Receiver.js
91 silly gunzTarPerm modified mode [ 'lib/Receiver.js', 438, 420 ]
92 silly gunzTarPerm extractEntry lib/BufferUtil.fallback.js
93 silly gunzTarPerm modified mode [ 'lib/BufferUtil.fallback.js', 438, 420 ]
94 silly gunzTarPerm extractEntry lib/Sender.js
95 silly gunzTarPerm modified mode [ 'lib/Sender.js', 438, 420 ]
96 silly gunzTarPerm extractEntry lib/Validation.fallback.js
97 silly gunzTarPerm modified mode [ 'lib/Validation.fallback.js', 438, 420 ]
98 silly gunzTarPerm extractEntry lib/Validation.js
99 silly gunzTarPerm modified mode [ 'lib/Validation.js', 438, 420 ]
100 silly gunzTarPerm extractEntry lib/WebSocket.js
101 silly gunzTarPerm modified mode [ 'lib/WebSocket.js', 438, 420 ]
102 silly gunzTarPerm extractEntry lib/WebSocketServer.js
103 silly gunzTarPerm modified mode [ 'lib/WebSocketServer.js', 438, 420 ]
104 silly gunzTarPerm extractEntry lib/Sender.hixie.js
105 silly gunzTarPerm modified mode [ 'lib/Sender.hixie.js', 438, 420 ]
106 silly gunzTarPerm extractEntry doc/ws.md
107 silly gunzTarPerm modified mode [ 'doc/ws.md', 438, 420 ]
108 silly gunzTarPerm extractEntry History.md
109 silly gunzTarPerm modified mode [ 'History.md', 438, 420 ]
110 silly gunzTarPerm extractEntry .travis.yml
111 silly gunzTarPerm modified mode [ '.travis.yml', 438, 420 ]
112 silly gunzTarPerm extractEntry binding.gyp
113 silly gunzTarPerm modified mode [ 'binding.gyp', 438, 420 ]
114 silly gunzTarPerm extractEntry examples/fileapi/package.json
115 silly gunzTarPerm modified mode [ 'examples/fileapi/package.json', 438, 420 ]
116 silly gunzTarPerm extractEntry examples/fileapi/.npmignore
117 silly gunzTarPerm modified mode [ 'examples/fileapi/.npmignore', 438, 420 ]
118 silly gunzTarPerm extractEntry examples/fileapi/server.js
119 silly gunzTarPerm modified mode [ 'examples/fileapi/server.js', 438, 420 ]
120 silly gunzTarPerm extractEntry examples/fileapi/public/app.js
121 silly gunzTarPerm modified mode [ 'examples/fileapi/public/app.js', 438, 420 ]
122 silly gunzTarPerm extractEntry examples/fileapi/public/uploader.js
123 silly gunzTarPerm modified mode [ 'examples/fileapi/public/uploader.js', 438, 420 ]
124 silly gunzTarPerm extractEntry examples/fileapi/public/index.html
125 silly gunzTarPerm modified mode [ 'examples/fileapi/public/index.html', 438, 420 ]
126 silly gunzTarPerm extractEntry examples/serverstats/package.json
127 silly gunzTarPerm modified mode [ 'examples/serverstats/package.json', 438, 420 ]
128 silly gunzTarPerm extractEntry examples/serverstats/server.js
129 silly gunzTarPerm modified mode [ 'examples/serverstats/server.js', 438, 420 ]
130 silly gunzTarPerm extractEntry examples/serverstats/public/index.html
131 silly gunzTarPerm modified mode [ 'examples/serverstats/public/index.html', 438, 420 ]
132 silly gunzTarPerm extractEntry examples/serverstats-express_3/package.json
133 silly gunzTarPerm modified mode [ 'examples/serverstats-express_3/package.json', 438, 420 ]
134 silly gunzTarPerm extractEntry examples/serverstats-express_3/server.js
135 silly gunzTarPerm modified mode [ 'examples/serverstats-express_3/server.js', 438, 420 ]
136 silly gunzTarPerm extractEntry examples/serverstats-express_3/public/index.html
137 silly gunzTarPerm modified mode [ 'examples/serverstats-express_3/public/index.html', 438, 420 ]
138 silly gunzTarPerm extractEntry Makefile
139 silly gunzTarPerm modified mode [ 'Makefile', 438, 420 ]
140 silly gunzTarPerm extractEntry bin/wscat
141 silly gunzTarPerm modified mode [ 'bin/wscat', 438, 420 ]
142 silly gunzTarPerm extractEntry bench/parser.benchmark.js
143 silly gunzTarPerm modified mode [ 'bench/parser.benchmark.js', 438, 420 ]
144 silly gunzTarPerm extractEntry bench/sender.benchmark.js
145 silly gunzTarPerm modified mode [ 'bench/sender.benchmark.js', 438, 420 ]
146 silly gunzTarPerm extractEntry bench/speed.js
147 silly gunzTarPerm modified mode [ 'bench/speed.js', 438, 420 ]
148 silly gunzTarPerm extractEntry bench/util.js
149 silly gunzTarPerm modified mode [ 'bench/util.js', 438, 420 ]
150 silly gunzTarPerm extractEntry src/bufferutil.cc
151 silly gunzTarPerm modified mode [ 'src/bufferutil.cc', 438, 420 ]
152 silly gunzTarPerm extractEntry src/validation.cc
153 silly gunzTarPerm modified mode [ 'src/validation.cc', 438, 420 ]
154 silly gunzTarPerm extractEntry test/autobahn-server.js
155 silly gunzTarPerm modified mode [ 'test/autobahn-server.js', 438, 420 ]
156 silly gunzTarPerm extractEntry test/WebSocket.test.js
157 silly gunzTarPerm modified mode [ 'test/WebSocket.test.js', 438, 420 ]
158 silly gunzTarPerm extractEntry test/hybi-common.js
159 silly gunzTarPerm modified mode [ 'test/hybi-common.js', 438, 420 ]
160 silly gunzTarPerm extractEntry test/Receiver.hixie.test.js
161 silly gunzTarPerm modified mode [ 'test/Receiver.hixie.test.js', 438, 420 ]
162 silly gunzTarPerm extractEntry test/BufferPool.test.js
163 silly gunzTarPerm modified mode [ 'test/BufferPool.test.js', 438, 420 ]
164 silly gunzTarPerm extractEntry test/autobahn.js
165 silly gunzTarPerm modified mode [ 'test/autobahn.js', 438, 420 ]
166 silly gunzTarPerm extractEntry test/Sender.test.js
167 silly gunzTarPerm modified mode [ 'test/Sender.test.js', 438, 420 ]
168 silly gunzTarPerm extractEntry test/testserver.js
169 silly gunzTarPerm modified mode [ 'test/testserver.js', 438, 420 ]
170 silly gunzTarPerm extractEntry test/Validation.test.js
171 silly gunzTarPerm modified mode [ 'test/Validation.test.js', 438, 420 ]
172 silly gunzTarPerm extractEntry test/WebSocket.integration.js
173 silly gunzTarPerm modified mode [ 'test/WebSocket.integration.js', 438, 420 ]
174 silly gunzTarPerm extractEntry test/Receiver.test.js
175 silly gunzTarPerm modified mode [ 'test/Receiver.test.js', 438, 420 ]
176 silly gunzTarPerm extractEntry test/WebSocketServer.test.js
177 silly gunzTarPerm modified mode [ 'test/WebSocketServer.test.js', 438, 420 ]
178 silly gunzTarPerm extractEntry test/Sender.hixie.test.js
179 silly gunzTarPerm modified mode [ 'test/Sender.hixie.test.js', 438, 420 ]
180 silly gunzTarPerm extractEntry test/fixtures/certificate.pem
181 silly gunzTarPerm modified mode [ 'test/fixtures/certificate.pem', 438, 420 ]
182 silly gunzTarPerm extractEntry test/fixtures/key.pem
183 silly gunzTarPerm modified mode [ 'test/fixtures/key.pem', 438, 420 ]
184 silly gunzTarPerm extractEntry test/fixtures/request.pem
185 silly gunzTarPerm modified mode [ 'test/fixtures/request.pem', 438, 420 ]
186 silly gunzTarPerm extractEntry test/fixtures/textfile
187 silly gunzTarPerm modified mode [ 'test/fixtures/textfile', 438, 420 ]
188 verbose write writing to /root/node_workspace/umusic/node_modules/streamws/package.json
189 info preinstall streamws@0.1.0
190 verbose readDependencies loading dependencies from /root/node_workspace/umusic/node_modules/streamws/package.json
191 silly prepareForInstallMany adding commander@~0.6.1 from streamws dependencies
192 silly prepareForInstallMany adding tinycolor@0.x from streamws dependencies
193 silly prepareForInstallMany adding options@latest from streamws dependencies
194 verbose readDependencies loading dependencies from /root/node_workspace/umusic/node_modules/streamws/package.json
195 silly cache add args [ 'commander@~0.6.1', null ]
196 verbose cache add spec commander@~0.6.1
197 silly cache add args [ 'tinycolor@0.x', null ]
198 verbose cache add spec tinycolor@0.x
199 silly cache add parsed spec { raw: 'commander@~0.6.1',
199 silly cache add   scope: null,
199 silly cache add   name: 'commander',
199 silly cache add   rawSpec: '~0.6.1',
199 silly cache add   spec: '>=0.6.1 <0.7.0',
199 silly cache add   type: 'range' }
200 silly addNamed commander@>=0.6.1 <0.7.0
201 verbose addNamed ">=0.6.1 <0.7.0" is a valid semver range for commander
202 silly addNameRange { name: 'commander', range: '>=0.6.1 <0.7.0', hasData: false }
203 silly mapToRegistry name commander
204 silly mapToRegistry using default registry
205 silly mapToRegistry registry https://registry.npmjs.org/
206 silly mapToRegistry uri https://registry.npmjs.org/commander
207 verbose addNameRange registry:https://registry.npmjs.org/commander not in flight; fetching
208 silly cache add parsed spec { raw: 'tinycolor@0.x',
208 silly cache add   scope: null,
208 silly cache add   name: 'tinycolor',
208 silly cache add   rawSpec: '0.x',
208 silly cache add   spec: '>=0.0.0 <1.0.0',
208 silly cache add   type: 'range' }
209 silly addNamed tinycolor@>=0.0.0 <1.0.0
210 verbose addNamed ">=0.0.0 <1.0.0" is a valid semver range for tinycolor
211 silly addNameRange { name: 'tinycolor', range: '>=0.0.0 <1.0.0', hasData: false }
212 silly mapToRegistry name tinycolor
213 silly mapToRegistry using default registry
214 silly mapToRegistry registry https://registry.npmjs.org/
215 silly mapToRegistry uri https://registry.npmjs.org/tinycolor
216 verbose addNameRange registry:https://registry.npmjs.org/tinycolor not in flight; fetching
217 silly cache add args [ 'options@latest', null ]
218 verbose cache add spec options@latest
219 silly cache add parsed spec { raw: 'options@latest',
219 silly cache add   scope: null,
219 silly cache add   name: 'options',
219 silly cache add   rawSpec: 'latest',
219 silly cache add   spec: 'latest',
219 silly cache add   type: 'tag' }
220 silly addNamed options@latest
221 verbose addNamed "latest" is being treated as a dist-tag for options
222 info addNameTag [ 'options', 'latest' ]
223 silly mapToRegistry name options
224 silly mapToRegistry using default registry
225 silly mapToRegistry registry https://registry.npmjs.org/
226 silly mapToRegistry uri https://registry.npmjs.org/options
227 verbose addNameTag registry:https://registry.npmjs.org/options not in flight; fetching
228 verbose request uri https://registry.npmjs.org/commander
229 verbose request no auth needed
230 info attempt registry request try #1 at 13:36:58
231 verbose etag "7SNULWEEHMAQG3FJG0C72TLJH"
232 http request GET https://registry.npmjs.org/commander
233 verbose request uri https://registry.npmjs.org/tinycolor
234 verbose request no auth needed
235 info attempt registry request try #1 at 13:36:58
236 verbose etag "7Q55AK0YV957DH6ZT14LNQOJW"
237 http request GET https://registry.npmjs.org/tinycolor
238 verbose request uri https://registry.npmjs.org/options
239 verbose request no auth needed
240 info attempt registry request try #1 at 13:36:58
241 verbose etag "7ORP99NHTFG329ZZWKJCRT1MV"
242 http request GET https://registry.npmjs.org/options
243 http 304 https://registry.npmjs.org/options
244 silly get cb [ 304,
244 silly get   { date: 'Thu, 24 Sep 2015 17:36:58 GMT',
244 silly get     via: '1.1 varnish',
244 silly get     'cache-control': 'max-age=60',
244 silly get     etag: '"7ORP99NHTFG329ZZWKJCRT1MV"',
244 silly get     age: '19',
244 silly get     connection: 'keep-alive',
244 silly get     'x-served-by': 'cache-lax1429-LAX',
244 silly get     'x-cache': 'HIT',
244 silly get     'x-cache-hits': '1',
244 silly get     'x-timer': 'S1443116218.456364,VS0,VE0',
244 silly get     vary: 'Accept' } ]
245 verbose etag https://registry.npmjs.org/options from cache
246 verbose get saving options to /root/.npm/registry.npmjs.org/options/.cache.json
247 silly addNameTag next cb for options with tag latest
248 silly addNamed options@0.0.6
249 verbose addNamed "0.0.6" is a plain semver version for options
250 silly cache afterAdd options@0.0.6
251 verbose afterAdd /root/.npm/options/0.0.6/package/package.json not in flight; writing
252 http 304 https://registry.npmjs.org/tinycolor
253 silly get cb [ 304,
253 silly get   { date: 'Thu, 24 Sep 2015 17:36:58 GMT',
253 silly get     via: '1.1 varnish',
253 silly get     'cache-control': 'max-age=60',
253 silly get     etag: '"7Q55AK0YV957DH6ZT14LNQOJW"',
253 silly get     age: '7',
253 silly get     connection: 'keep-alive',
253 silly get     'x-served-by': 'cache-lax1429-LAX',
253 silly get     'x-cache': 'HIT',
253 silly get     'x-cache-hits': '1',
253 silly get     'x-timer': 'S1443116218.460350,VS0,VE0',
253 silly get     vary: 'Accept' } ]
254 verbose etag https://registry.npmjs.org/tinycolor from cache
255 verbose get saving tinycolor to /root/.npm/registry.npmjs.org/tinycolor/.cache.json
256 http 304 https://registry.npmjs.org/commander
257 silly get cb [ 304,
257 silly get   { date: 'Thu, 24 Sep 2015 17:36:58 GMT',
257 silly get     via: '1.1 varnish',
257 silly get     'cache-control': 'max-age=60',
257 silly get     etag: '"7SNULWEEHMAQG3FJG0C72TLJH"',
257 silly get     age: '16',
257 silly get     connection: 'keep-alive',
257 silly get     'x-served-by': 'cache-lax1420-LAX',
257 silly get     'x-cache': 'HIT',
257 silly get     'x-cache-hits': '419',
257 silly get     'x-timer': 'S1443116218.461735,VS0,VE0',
257 silly get     vary: 'Accept' } ]
258 verbose etag https://registry.npmjs.org/commander from cache
259 verbose get saving commander to /root/.npm/registry.npmjs.org/commander/.cache.json
260 verbose afterAdd /root/.npm/options/0.0.6/package/package.json written
261 silly addNameRange number 2 { name: 'tinycolor', range: '>=0.0.0 <1.0.0', hasData: true }
262 silly addNameRange versions [ 'tinycolor', [ '0.0.1' ] ]
263 silly addNamed tinycolor@0.0.1
264 verbose addNamed "0.0.1" is a plain semver version for tinycolor
265 silly addNameRange number 2 { name: 'commander', range: '>=0.6.1 <0.7.0', hasData: true }
266 silly addNameRange versions [ 'commander',
266 silly addNameRange   [ '0.0.1',
266 silly addNameRange     '0.0.3',
266 silly addNameRange     '0.0.4',
266 silly addNameRange     '0.0.5',
266 silly addNameRange     '0.1.0',
266 silly addNameRange     '0.2.0',
266 silly addNameRange     '0.2.1',
266 silly addNameRange     '0.3.0',
266 silly addNameRange     '0.3.1',
266 silly addNameRange     '0.3.2',
266 silly addNameRange     '0.3.3',
266 silly addNameRange     '0.4.0',
266 silly addNameRange     '0.4.1',
266 silly addNameRange     '0.4.2',
266 silly addNameRange     '0.4.3',
266 silly addNameRange     '0.5.0',
266 silly addNameRange     '0.5.1',
266 silly addNameRange     '0.6.0',
266 silly addNameRange     '0.6.1',
266 silly addNameRange     '0.5.2',
266 silly addNameRange     '1.0.0',
266 silly addNameRange     '1.0.1',
266 silly addNameRange     '1.0.2',
266 silly addNameRange     '1.0.3',
266 silly addNameRange     '1.0.4',
266 silly addNameRange     '1.0.5',
266 silly addNameRange     '1.1.0',
266 silly addNameRange     '1.1.1',
266 silly addNameRange     '1.2.0',
266 silly addNameRange     '1.3.0',
266 silly addNameRange     '1.3.1',
266 silly addNameRange     '1.3.2',
266 silly addNameRange     '2.0.0',
266 silly addNameRange     '2.1.0',
266 silly addNameRange     '2.2.0',
266 silly addNameRange     '2.3.0',
266 silly addNameRange     '2.4.0',
266 silly addNameRange     '2.5.0',
266 silly addNameRange     '2.5.1',
266 silly addNameRange     '2.6.0',
266 silly addNameRange     '2.7.0',
266 silly addNameRange     '2.7.1',
266 silly addNameRange     '2.8.0',
266 silly addNameRange     '2.8.1' ] ]
267 silly addNamed commander@0.6.1
268 verbose addNamed "0.6.1" is a plain semver version for commander
269 silly cache afterAdd tinycolor@0.0.1
270 verbose afterAdd /root/.npm/tinycolor/0.0.1/package/package.json not in flight; writing
271 silly cache afterAdd commander@0.6.1
272 verbose afterAdd /root/.npm/commander/0.6.1/package/package.json not in flight; writing
273 verbose afterAdd /root/.npm/tinycolor/0.0.1/package/package.json written
274 verbose afterAdd /root/.npm/commander/0.6.1/package/package.json written
275 silly install resolved [ { author:
275 silly install resolved      { name: 'Einar Otto Stangvik',
275 silly install resolved        email: 'einaros@gmail.com',
275 silly install resolved        url: 'http://2x.io' },
275 silly install resolved     name: 'options',
275 silly install resolved     description: 'A very light-weight in-code option parsers for node.js.',
275 silly install resolved     version: '0.0.6',
275 silly install resolved     repository: { type: 'git', url: 'git://github.com/einaros/options.js.git' },
275 silly install resolved     main: 'lib/options',
275 silly install resolved     scripts: { test: 'make test' },
275 silly install resolved     engines: { node: '>=0.4.0' },
275 silly install resolved     dependencies: {},
275 silly install resolved     devDependencies: { mocha: 'latest' },
275 silly install resolved     gitHead: 'ff53d0a092c897cb95964232a96fe17da65c11af',
275 silly install resolved     bugs: { url: 'https://github.com/einaros/options.js/issues' },
275 silly install resolved     homepage: 'https://github.com/einaros/options.js',
275 silly install resolved     _id: 'options@0.0.6',
275 silly install resolved     _shasum: 'ec22d312806bb53e731773e7cdaefcf1c643128f',
275 silly install resolved     _from: 'options@latest',
275 silly install resolved     _npmVersion: '1.4.21',
275 silly install resolved     _npmUser: { name: 'einaros', email: 'einaros@gmail.com' },
275 silly install resolved     maintainers: [ [Object] ],
275 silly install resolved     dist:
275 silly install resolved      { shasum: 'ec22d312806bb53e731773e7cdaefcf1c643128f',
275 silly install resolved        tarball: 'http://registry.npmjs.org/options/-/options-0.0.6.tgz' },
275 silly install resolved     directories: {},
275 silly install resolved     _resolved: 'https://registry.npmjs.org/options/-/options-0.0.6.tgz',
275 silly install resolved     readme: 'ERROR: No README data found!' },
275 silly install resolved   { author:
275 silly install resolved      { name: 'Einar Otto Stangvik',
275 silly install resolved        email: 'einaros@gmail.com',
275 silly install resolved        url: 'http://2x.io' },
275 silly install resolved     name: 'tinycolor',
275 silly install resolved     description: 'a to-the-point color module for node',
275 silly install resolved     version: '0.0.1',
275 silly install resolved     repository: { type: 'git', url: 'git://github.com/einaros/tinycolor.git' },
275 silly install resolved     engines: { node: '>=0.4.0' },
275 silly install resolved     dependencies: {},
275 silly install resolved     devDependencies: {},
275 silly install resolved     main: 'tinycolor',
275 silly install resolved     _npmUser: { name: 'einaros', email: 'einaros@gmail.com' },
275 silly install resolved     _id: 'tinycolor@0.0.1',
275 silly install resolved     _engineSupported: true,
275 silly install resolved     _npmVersion: '1.1.0-alpha-6',
275 silly install resolved     _nodeVersion: 'v0.6.5',
275 silly install resolved     _defaultsLoaded: true,
275 silly install resolved     dist:
275 silly install resolved      { shasum: '320b5a52d83abb5978d81a3e887d4aefb15a6164',
275 silly install resolved        tarball: 'http://registry.npmjs.org/tinycolor/-/tinycolor-0.0.1.tgz' },
275 silly install resolved     maintainers: [ [Object] ],
275 silly install resolved     directories: {},
275 silly install resolved     _shasum: '320b5a52d83abb5978d81a3e887d4aefb15a6164',
275 silly install resolved     _resolved: 'https://registry.npmjs.org/tinycolor/-/tinycolor-0.0.1.tgz',
275 silly install resolved     _from: 'tinycolor@>=0.0.0 <1.0.0',
275 silly install resolved     bugs: { url: 'https://github.com/einaros/tinycolor/issues' },
275 silly install resolved     readme: 'ERROR: No README data found!',
275 silly install resolved     homepage: 'https://github.com/einaros/tinycolor#readme' },
275 silly install resolved   { name: 'commander',
275 silly install resolved     version: '0.6.1',
275 silly install resolved     description: 'the complete solution for node.js command-line programs',
275 silly install resolved     keywords: [ 'command', 'option', 'parser', 'prompt', 'stdin' ],
275 silly install resolved     author: { name: 'TJ Holowaychuk', email: 'tj@vision-media.ca' },
275 silly install resolved     repository:
275 silly install resolved      { type: 'git',
275 silly install resolved        url: 'git://github.com/visionmedia/commander.js.git' },
275 silly install resolved     dependencies: {},
275 silly install resolved     devDependencies: { should: '>= 0.0.1' },
275 silly install resolved     scripts: { test: 'make test' },
275 silly install resolved     main: 'index',
275 silly install resolved     engines: { node: '>= 0.4.x' },
275 silly install resolved     _npmUser: { name: 'tjholowaychuk', email: 'tj@vision-media.ca' },
275 silly install resolved     _id: 'commander@0.6.1',
275 silly install resolved     optionalDependencies: {},
275 silly install resolved     _engineSupported: true,
275 silly install resolved     _npmVersion: '1.1.0-3',
275 silly install resolved     _nodeVersion: 'v0.6.12',
275 silly install resolved     _defaultsLoaded: true,
275 silly install resolved     dist:
275 silly install resolved      { shasum: 'fa68a14f6a945d54dbbe50d8cdb3320e9e3b1a06',
275 silly install resolved        tarball: 'http://registry.npmjs.org/commander/-/commander-0.6.1.tgz' },
275 silly install resolved     maintainers: [ [Object] ],
275 silly install resolved     directories: {},
275 silly install resolved     _shasum: 'fa68a14f6a945d54dbbe50d8cdb3320e9e3b1a06',
275 silly install resolved     _resolved: 'https://registry.npmjs.org/commander/-/commander-0.6.1.tgz',
275 silly install resolved     _from: 'commander@>=0.6.1 <0.7.0',
275 silly install resolved     bugs: { url: 'https://github.com/visionmedia/commander.js/issues' },
275 silly install resolved     readme: 'ERROR: No README data found!',
275 silly install resolved     homepage: 'https://github.com/visionmedia/commander.js#readme' } ]
276 info install options@0.0.6 into /root/node_workspace/umusic/node_modules/streamws
277 info install tinycolor@0.0.1 into /root/node_workspace/umusic/node_modules/streamws
278 info install commander@0.6.1 into /root/node_workspace/umusic/node_modules/streamws
279 info installOne options@0.0.6
280 verbose installOne of options to /root/node_workspace/umusic/node_modules/streamws not in flight; installing
281 info installOne tinycolor@0.0.1
282 verbose installOne of tinycolor to /root/node_workspace/umusic/node_modules/streamws not in flight; installing
283 info installOne commander@0.6.1
284 verbose installOne of commander to /root/node_workspace/umusic/node_modules/streamws not in flight; installing
285 verbose lock using /root/.npm/_locks/options-4e16a6eaa7f3b507.lock for /root/node_workspace/umusic/node_modules/streamws/node_modules/options
286 verbose lock using /root/.npm/_locks/tinycolor-26bbd8b991760641.lock for /root/node_workspace/umusic/node_modules/streamws/node_modules/tinycolor
287 verbose lock using /root/.npm/_locks/commander-33c4686cafb1f3a9.lock for /root/node_workspace/umusic/node_modules/streamws/node_modules/commander
288 silly install write writing options 0.0.6 to /root/node_workspace/umusic/node_modules/streamws/node_modules/options
289 silly install write writing tinycolor 0.0.1 to /root/node_workspace/umusic/node_modules/streamws/node_modules/tinycolor
290 silly install write writing commander 0.6.1 to /root/node_workspace/umusic/node_modules/streamws/node_modules/commander
291 verbose unbuild node_modules/streamws/node_modules/options
292 verbose unbuild node_modules/streamws/node_modules/tinycolor
293 verbose unbuild node_modules/streamws/node_modules/commander
294 silly gentlyRm /root/node_workspace/umusic/node_modules/streamws/node_modules/options is being purged from base /root/node_workspace/umusic
295 verbose gentlyRm don't care about contents; nuking /root/node_workspace/umusic/node_modules/streamws/node_modules/options
296 silly gentlyRm /root/node_workspace/umusic/node_modules/streamws/node_modules/tinycolor is being purged from base /root/node_workspace/umusic
297 verbose gentlyRm don't care about contents; nuking /root/node_workspace/umusic/node_modules/streamws/node_modules/tinycolor
298 silly gentlyRm /root/node_workspace/umusic/node_modules/streamws/node_modules/commander is being purged from base /root/node_workspace/umusic
299 verbose gentlyRm don't care about contents; nuking /root/node_workspace/umusic/node_modules/streamws/node_modules/commander
300 verbose tar unpack /root/.npm/options/0.0.6/package.tgz
301 verbose tar unpacking to /root/node_workspace/umusic/node_modules/streamws/node_modules/options
302 silly gentlyRm /root/node_workspace/umusic/node_modules/streamws/node_modules/options is being purged
303 verbose gentlyRm don't care about contents; nuking /root/node_workspace/umusic/node_modules/streamws/node_modules/options
304 verbose tar unpack /root/.npm/tinycolor/0.0.1/package.tgz
305 verbose tar unpacking to /root/node_workspace/umusic/node_modules/streamws/node_modules/tinycolor
306 silly gentlyRm /root/node_workspace/umusic/node_modules/streamws/node_modules/tinycolor is being purged
307 verbose gentlyRm don't care about contents; nuking /root/node_workspace/umusic/node_modules/streamws/node_modules/tinycolor
308 verbose tar unpack /root/.npm/commander/0.6.1/package.tgz
309 verbose tar unpacking to /root/node_workspace/umusic/node_modules/streamws/node_modules/commander
310 silly gentlyRm /root/node_workspace/umusic/node_modules/streamws/node_modules/commander is being purged
311 verbose gentlyRm don't care about contents; nuking /root/node_workspace/umusic/node_modules/streamws/node_modules/commander
312 silly gunzTarPerm modes [ '755', '644' ]
313 silly gunzTarPerm modes [ '755', '644' ]
314 silly gunzTarPerm modes [ '755', '644' ]
315 silly gunzTarPerm extractEntry package.json
316 silly gunzTarPerm extractEntry .gitignore
317 silly gunzTarPerm extractEntry .npmignore
318 silly gunzTarPerm extractEntry .npmignore
319 silly gunzTarPerm extractEntry README.md
320 silly gunzTarPerm extractEntry example.js
321 silly gunzTarPerm extractEntry package.json
322 silly gunzTarPerm extractEntry .travis.yml
323 silly gunzTarPerm extractEntry History.md
324 silly gunzTarPerm extractEntry Makefile
325 silly gunzTarPerm extractEntry lib/options.js
326 silly gunzTarPerm extractEntry README.md
327 silly gunzTarPerm extractEntry tinycolor.js
328 silly gunzTarPerm extractEntry index.js
329 silly gunzTarPerm extractEntry lib/
330 silly gunzTarPerm extractEntry lib/commander.js
331 silly gunzTarPerm extractEntry Makefile
332 silly gunzTarPerm extractEntry package.json
333 silly gunzTarPerm extractEntry Readme.md
334 verbose write writing to /root/node_workspace/umusic/node_modules/streamws/node_modules/tinycolor/package.json
335 info preinstall tinycolor@0.0.1
336 verbose readDependencies loading dependencies from /root/node_workspace/umusic/node_modules/streamws/node_modules/tinycolor/package.json
337 verbose write writing to /root/node_workspace/umusic/node_modules/streamws/node_modules/options/package.json
338 info preinstall options@0.0.6
339 verbose readDependencies loading dependencies from /root/node_workspace/umusic/node_modules/streamws/node_modules/tinycolor/package.json
340 verbose readDependencies loading dependencies from /root/node_workspace/umusic/node_modules/streamws/node_modules/options/package.json
341 silly install resolved []
342 verbose about to build /root/node_workspace/umusic/node_modules/streamws/node_modules/tinycolor
343 info build /root/node_workspace/umusic/node_modules/streamws/node_modules/tinycolor
344 verbose readDependencies loading dependencies from /root/node_workspace/umusic/node_modules/streamws/node_modules/options/package.json
345 info linkStuff tinycolor@0.0.1
346 silly linkStuff tinycolor@0.0.1 has /root/node_workspace/umusic/node_modules/streamws/node_modules as its parent node_modules
347 silly install resolved []
348 verbose about to build /root/node_workspace/umusic/node_modules/streamws/node_modules/options
349 info build /root/node_workspace/umusic/node_modules/streamws/node_modules/options
350 info linkStuff options@0.0.6
351 silly linkStuff options@0.0.6 has /root/node_workspace/umusic/node_modules/streamws/node_modules as its parent node_modules
352 verbose linkBins tinycolor@0.0.1
353 verbose linkMans tinycolor@0.0.1
354 verbose rebuildBundles tinycolor@0.0.1
355 info install tinycolor@0.0.1
356 info postinstall tinycolor@0.0.1
357 verbose unlock done using /root/.npm/_locks/tinycolor-26bbd8b991760641.lock for /root/node_workspace/umusic/node_modules/streamws/node_modules/tinycolor
358 verbose linkBins options@0.0.6
359 verbose linkMans options@0.0.6
360 verbose rebuildBundles options@0.0.6
361 info install options@0.0.6
362 info postinstall options@0.0.6
363 verbose unlock done using /root/.npm/_locks/options-4e16a6eaa7f3b507.lock for /root/node_workspace/umusic/node_modules/streamws/node_modules/options
364 verbose write writing to /root/node_workspace/umusic/node_modules/streamws/node_modules/commander/package.json
365 info preinstall commander@0.6.1
366 verbose readDependencies loading dependencies from /root/node_workspace/umusic/node_modules/streamws/node_modules/commander/package.json
367 verbose readDependencies loading dependencies from /root/node_workspace/umusic/node_modules/streamws/node_modules/commander/package.json
368 silly install resolved []
369 verbose about to build /root/node_workspace/umusic/node_modules/streamws/node_modules/commander
370 info build /root/node_workspace/umusic/node_modules/streamws/node_modules/commander
371 info linkStuff commander@0.6.1
372 silly linkStuff commander@0.6.1 has /root/node_workspace/umusic/node_modules/streamws/node_modules as its parent node_modules
373 verbose linkBins commander@0.6.1
374 verbose linkMans commander@0.6.1
375 verbose rebuildBundles commander@0.6.1
376 info install commander@0.6.1
377 info postinstall commander@0.6.1
378 verbose unlock done using /root/.npm/_locks/commander-33c4686cafb1f3a9.lock for /root/node_workspace/umusic/node_modules/streamws/node_modules/commander
379 verbose about to build /root/node_workspace/umusic/node_modules/streamws
380 info build /root/node_workspace/umusic/node_modules/streamws
381 info linkStuff streamws@0.1.0
382 silly linkStuff streamws@0.1.0 has /root/node_workspace/umusic/node_modules as its parent node_modules
383 verbose linkBins streamws@0.1.0
384 verbose linkMans streamws@0.1.0
385 verbose rebuildBundles streamws@0.1.0
386 verbose rebuildBundles [ 'commander', 'options', 'tinycolor' ]
387 info install streamws@0.1.0
388 verbose unsafe-perm in lifecycle false
389 info streamws@0.1.0 Failed to exec install script
390 verbose unlock done using /root/.npm/_locks/streamws-458c17137d91e7f1.lock for /root/node_workspace/umusic/node_modules/streamws
391 verbose stack Error: streamws@0.1.0 install: `node install.js`
391 verbose stack Exit status 8
391 verbose stack     at EventEmitter.<anonymous> (/usr/lib/node_modules/npm/lib/utils/lifecycle.js:213:16)
391 verbose stack     at EventEmitter.emit (events.js:98:17)
391 verbose stack     at ChildProcess.<anonymous> (/usr/lib/node_modules/npm/lib/utils/spawn.js:24:14)
391 verbose stack     at ChildProcess.emit (events.js:98:17)
391 verbose stack     at maybeClose (child_process.js:766:16)
391 verbose stack     at Process.ChildProcess._handle.onexit (child_process.js:833:5)
392 verbose pkgid streamws@0.1.0
393 verbose cwd /root/node_workspace/umusic
394 error Linux 3.10.0-229.el7.x86_64
395 error argv "node" "/bin/npm" "install" "streamws@0.1.0"
396 error node v0.10.38
397 error npm  v2.10.0
398 error code ELIFECYCLE
399 error streamws@0.1.0 install: `node install.js`
399 error Exit status 8
400 error Failed at the streamws@0.1.0 install script 'node install.js'.
400 error This is most likely a problem with the streamws package,
400 error not with npm itself.
400 error Tell the author that this fails on your system:
400 error     node install.js
400 error You can get their info via:
400 error     npm owner ls streamws
400 error There is likely additional logging output above.
401 verbose exit [ 1, true ]
402 verbose unbuild node_modules/streamws
403 info preuninstall streamws@0.1.0
404 info uninstall streamws@0.1.0
405 verbose unbuild rmStuff streamws@0.1.0 from /root/node_workspace/umusic/node_modules
406 info postuninstall streamws@0.1.0
407 silly gentlyRm /root/node_workspace/umusic/node_modules/streamws is being purged from base /root/node_workspace/umusic
408 verbose gentlyRm don't care about contents; nuking /root/node_workspace/umusic/node_modules/streamws
409 silly vacuum-fs purging /root/node_workspace/umusic/node_modules/streamws
410 silly vacuum-fs quitting because other entries in /root/node_workspace/umusic/node_modules
